[2020-03-15 16:58:14.690] [exthost] [info] extension host started
[2020-03-15 16:58:14.762] [exthost] [info] ExtensionService#_doActivateExtension vscode.python {"startup":false,"extensionId":{"value":"vscode.python","_lower":"vscode.python"},"activationEvent":"onLanguage:python"}
[2020-03-15 16:58:14.762] [exthost] [info] ExtensionService#loadCommonJSModule file:///snap/code/26/usr/share/code/resources/app/extensions/python/dist/pythonMain
[2020-03-15 16:58:14.765] [exthost] [info] ExtensionService#_doActivateExtension ms-python.python {"startup":false,"extensionId":{"value":"ms-python.python","_lower":"ms-python.python"},"activationEvent":"onLanguage:python"}
[2020-03-15 16:58:14.765] [exthost] [info] ExtensionService#loadCommonJSModule file:///home/barometer/.vscode/extensions/ms-python.python-2020.2.64397/out/client/extension
[2020-03-15 16:58:15.243] [exthost] [info] ExtensionService#_doActivateExtension vscode.debug-auto-launch {"startup":true,"extensionId":{"value":"vscode.debug-auto-launch","_lower":"vscode.debug-auto-launch"},"activationEvent":"*"}
[2020-03-15 16:58:15.243] [exthost] [info] ExtensionService#loadCommonJSModule file:///snap/code/26/usr/share/code/resources/app/extensions/debug-auto-launch/dist/extension
[2020-03-15 16:58:15.248] [exthost] [info] ExtensionService#_doActivateExtension vscode.emmet {"startup":true,"extensionId":{"value":"vscode.emmet","_lower":"vscode.emmet"},"activationEvent":"*"}
[2020-03-15 16:58:15.248] [exthost] [info] ExtensionService#loadCommonJSModule file:///snap/code/26/usr/share/code/resources/app/extensions/emmet/dist/extension
[2020-03-15 16:58:15.286] [exthost] [info] ExtensionService#_doActivateExtension vscode.git {"startup":true,"extensionId":{"value":"vscode.git","_lower":"vscode.git"},"activationEvent":"*"}
[2020-03-15 16:58:15.286] [exthost] [info] ExtensionService#loadCommonJSModule file:///snap/code/26/usr/share/code/resources/app/extensions/git/dist/main
[2020-03-15 16:58:15.348] [exthost] [info] ExtensionService#_doActivateExtension vscode.github-authentication {"startup":true,"extensionId":{"value":"vscode.github-authentication","_lower":"vscode.github-authentication"},"activationEvent":"*"}
[2020-03-15 16:58:15.348] [exthost] [info] ExtensionService#loadCommonJSModule file:///snap/code/26/usr/share/code/resources/app/extensions/github-authentication/dist/extension.js
[2020-03-15 16:58:15.353] [exthost] [info] ExtensionService#_doActivateExtension vscode.merge-conflict {"startup":true,"extensionId":{"value":"vscode.merge-conflict","_lower":"vscode.merge-conflict"},"activationEvent":"*"}
[2020-03-15 16:58:15.353] [exthost] [info] ExtensionService#loadCommonJSModule file:///snap/code/26/usr/share/code/resources/app/extensions/merge-conflict/dist/extension
[2020-03-15 16:58:15.357] [exthost] [info] ExtensionService#_doActivateExtension vscode.search-result {"startup":true,"extensionId":{"value":"vscode.search-result","_lower":"vscode.search-result"},"activationEvent":"*"}
[2020-03-15 16:58:15.357] [exthost] [info] ExtensionService#loadCommonJSModule file:///snap/code/26/usr/share/code/resources/app/extensions/search-result/dist/extension.js
[2020-03-15 16:58:15.358] [exthost] [info] ExtensionService#_doActivateExtension vscode.vscode-account {"startup":true,"extensionId":{"value":"vscode.vscode-account","_lower":"vscode.vscode-account"},"activationEvent":"*"}
[2020-03-15 16:58:15.359] [exthost] [info] ExtensionService#loadCommonJSModule file:///snap/code/26/usr/share/code/resources/app/extensions/vscode-account/dist/extension.js
[2020-03-15 16:58:15.476] [exthost] [info] eager extensions activated
[2020-03-15 20:06:59.893] [exthost] [info] ExtensionService#_doActivateExtension vscode.html-language-features {"startup":false,"extensionId":{"value":"vscode.html-language-features","_lower":"vscode.html-language-features"},"activationEvent":"onLanguage:html"}
[2020-03-15 20:06:59.893] [exthost] [info] ExtensionService#loadCommonJSModule file:///snap/code/26/usr/share/code/resources/app/extensions/html-language-features/client/dist/htmlMain
[2020-03-15 20:23:33.384] [exthost] [error] [ms-python.python] provider FAILED
[2020-03-15 20:23:33.386] [exthost] [error] Error: DisposableStore is missing...
	at F._convertCompletionItem (/snap/code/26/usr/share/code/resources/app/out/vs/workbench/services/extensions/node/extensionHostProcess.js:596:373)
	at /snap/code/26/usr/share/code/resources/app/out/vs/workbench/services/extensions/node/extensionHostProcess.js:596:151
[2020-03-15 20:23:34.642] [exthost] [error] [ms-python.python] provider FAILED
[2020-03-15 20:23:34.642] [exthost] [error] Error: DisposableStore is missing...
	at F._convertCompletionItem (/snap/code/26/usr/share/code/resources/app/out/vs/workbench/services/extensions/node/extensionHostProcess.js:596:373)
	at /snap/code/26/usr/share/code/resources/app/out/vs/workbench/services/extensions/node/extensionHostProcess.js:596:151
[2020-03-15 22:11:02.080] [exthost] [error] [ms-python.python] provider FAILED
[2020-03-15 22:11:02.080] [exthost] [error] Error: DisposableStore is missing...
	at F._convertCompletionItem (/snap/code/26/usr/share/code/resources/app/out/vs/workbench/services/extensions/node/extensionHostProcess.js:596:373)
	at /snap/code/26/usr/share/code/resources/app/out/vs/workbench/services/extensions/node/extensionHostProcess.js:596:151
[2020-03-15 22:11:02.151] [exthost] [error] [ms-python.python] provider FAILED
[2020-03-15 22:11:02.151] [exthost] [error] Error: DisposableStore is missing...
	at F._convertCompletionItem (/snap/code/26/usr/share/code/resources/app/out/vs/workbench/services/extensions/node/extensionHostProcess.js:596:373)
	at /snap/code/26/usr/share/code/resources/app/out/vs/workbench/services/extensions/node/extensionHostProcess.js:596:151
[2020-03-15 22:11:10.399] [exthost] [error] [ms-python.python] provider FAILED
[2020-03-15 22:11:10.399] [exthost] [error] Error: DisposableStore is missing...
	at F._convertCompletionItem (/snap/code/26/usr/share/code/resources/app/out/vs/workbench/services/extensions/node/extensionHostProcess.js:596:373)
	at /snap/code/26/usr/share/code/resources/app/out/vs/workbench/services/extensions/node/extensionHostProcess.js:596:151
