Handbrake Version: 1.2.1 (2019021900)
[20:06:20] gtkgui: Preset: /General/Fast 1080p30
[20:06:20] 1 job(s) to process
[20:06:20] json job:
{
    "Audio": {
        "AudioList": [
            {
                "Bitrate": 160,
                "CompressionLevel": -1.0,
                "DRC": 0.0,
                "DitherMethod": "auto",
                "Encoder": "av_aac",
                "Gain": 0.0,
                "Mixdown": "stereo",
                "NormalizeMixLevel": false,
                "PresetEncoder": "av_aac",
                "Quality": -3.0,
                "Samplerate": 0,
                "Track": 0
            }
        ],
        "CopyMask": [
            "copy:aac"
        ],
        "FallbackEncoder": "av_aac"
    },
    "Destination": {
        "AlignAVStart": true,
        "ChapterList": [
            {
                "Name": ""
            }
        ],
        "ChapterMarkers": false,
        "File": "/home/barometer/Videos/prank.m4v",
        "InlineParameterSets": false,
        "Mp4Options": {
            "IpodAtom": false,
            "Mp4Optimize": false
        },
        "Mux": "m4v"
    },
    "Filters": {
        "FilterList": [
            {
                "ID": 3,
                "Settings": {
                    "block-height": "16",
                    "block-thresh": "40",
                    "block-width": "16",
                    "filter-mode": "2",
                    "mode": "3",
                    "motion-thresh": "1",
                    "spatial-metric": "2",
                    "spatial-thresh": "1"
                }
            },
            {
                "ID": 4,
                "Settings": {
                    "mode": "7"
                }
            },
            {
                "ID": 6,
                "Settings": {
                    "mode": 2,
                    "rate": "27000000/900000"
                }
            },
            {
                "ID": 11,
                "Settings": {
                    "crop-bottom": 0,
                    "crop-left": 0,
                    "crop-right": 0,
                    "crop-top": 0,
                    "height": 540,
                    "width": 960
                }
            }
        ]
    },
    "Metadata": {
        "Name": "2020-03-05 20-05-30"
    },
    "PAR": {
        "Den": 1,
        "Num": 1
    },
    "SequenceID": 0,
    "Source": {
        "Angle": 0,
        "Path": "/home/barometer/2020-03-05 20-05-30.flv",
        "Range": {
            "End": 1,
            "Start": 1,
            "Type": "chapter"
        },
        "Title": 1
    },
    "Subtitle": {
        "Search": {
            "Burn": true,
            "Default": false,
            "Enable": false,
            "Forced": false
        },
        "SubtitleList": []
    },
    "Video": {
        "ColorMatrix": 6,
        "ColorPrimaries": 6,
        "ColorTransfer": 1,
        "Encoder": "x264",
        "Level": "4.0",
        "Options": "",
        "Preset": "fast",
        "Profile": "main",
        "QSV": {
            "AsyncDepth": 4,
            "Decode": false
        },
        "Quality": 22.0,
        "Tune": "",
        "Turbo": false,
        "TwoPass": false
    }
}
[20:06:20] CPU: Intel(R) Core(TM) i7-6500U CPU @ 2.50GHz
[20:06:20]  - Intel microarchitecture Skylake
[20:06:20]  - logical processor count: 4
[20:06:20] hb_scan: path=/home/barometer/2020-03-05 20-05-30.flv, title_index=1
udfread ERROR: ECMA 167 Volume Recognition failed
disc.c:323: failed opening UDF image /home/barometer/2020-03-05 20-05-30.flv
disc.c:424: error opening file BDMV/index.bdmv
disc.c:424: error opening file BDMV/BACKUP/index.bdmv
[20:06:20] bd: not a bd - trying as a stream/file instead
libdvdnav: Using dvdnav version 6.0.0
libdvdread: Encrypted DVD support unavailable.
libdvdread:DVDOpenFileUDF:UDFFindFile /VIDEO_TS/VIDEO_TS.IFO failed
libdvdread:DVDOpenFileUDF:UDFFindFile /VIDEO_TS/VIDEO_TS.BUP failed
libdvdread: Can't open file VIDEO_TS.IFO.
libdvdnav: vm: failed to read VIDEO_TS.IFO
[20:06:20] dvd: not a dvd - trying as a stream/file instead
Input #0, flv, from '/home/barometer/2020-03-05 20-05-30.flv':
  Metadata:
    encoder         : Lavf57.83.100
  Duration: 00:00:12.07, start: 0.067000, bitrate: 454 kb/s
    Stream #0:0: Video: h264 (High), yuv420p(progressive), 960x540, 2500 kb/s, 30,30 fps, 30 tbr, 1k tbn, 60 tbc
    Stream #0:1: Audio: aac (LC), 44100 Hz, stereo, fltp, 128 kb/s
[20:06:20] scan: decoding previews for title 1
[20:06:20] scan: audio 0x1: aac, rate=44100Hz, bitrate=128000 Unknown (AAC LC) (2.0 ch)
[20:06:20] scan: 10 previews, 960x540, 30,303 fps, autocrop = 0/0/0/0, aspect 16:9, PAR 1:1
[20:06:20] libhb: scan thread found 1 valid title(s)
[20:06:20] starting job
[20:06:20] decomb filter thread started for segment 0
[20:06:20] decomb filter thread started for segment 3
[20:06:20] decomb filter thread started for segment 1
[20:06:20] decomb filter thread started for segment 2
[20:06:20] decomb check thread started for segment 1
[20:06:20] decomb check thread started for segment 3
[20:06:20] mask filter thread started for segment 0
[20:06:20] mask filter thread started for segment 1
[20:06:20] mask filter thread started for segment 2
[20:06:20] mask filter thread started for segment 3
[20:06:20] mask erode thread started for segment 0
[20:06:20] mask erode thread started for segment 2
[20:06:20] mask erode thread started for segment 3
[20:06:20] mask dilate thread started for segment 0
[20:06:20] mask dilate thread started for segment 1
[20:06:20] mask dilate thread started for segment 2
[20:06:20] mask dilate thread started for segment 3
[20:06:20] yadif thread started for segment 0
[20:06:20] yadif thread started for segment 1
[20:06:20] yadif thread started for segment 2
[20:06:20] yadif thread started for segment 3
[20:06:20] job configuration:
[20:06:20]  * source
[20:06:20]    + /home/barometer/2020-03-05 20-05-30.flv
[20:06:20]    + title 1, chapter(s) 1 to 1
[20:06:20]    + container: flv
[20:06:20]    + data rate: 454 kbps
[20:06:20]  * destination
[20:06:20]    + /home/barometer/Videos/prank.m4v
[20:06:20]    + container: MPEG-4 (libavformat)
[20:06:20]      + align initial A/V stream timestamps
[20:06:20]  * video track
[20:06:20]    + decoder: h264
[20:06:20]      + bitrate 2500 kbps
[20:06:20]    + filters
[20:06:20]      + Comb Detect (mode=3:spatial-metric=2:motion-thresh=1:spatial-thresh=1:filter-mode=2:block-thresh=40:block-width=16:block-height=16)
[20:06:20]      + Decomb (mode=39)
[20:06:20]      + Framerate Shaper (mode=2:rate=27000000/900000)
[20:06:20]        + frame rate: 30,303 fps -> peak rate limited to 30,000 fps
[20:06:20]      + Crop and Scale (width=960:height=540:crop-top=0:crop-bottom=0:crop-left=0:crop-right=0)
[20:06:20]        + source: 960 * 540, crop (0/0/0/0): 960 * 540, scale: 960 * 540
[20:06:20]    + Output geometry
[20:06:20]      + storage dimensions: 960 x 540
[20:06:20]      + pixel aspect ratio: 1 : 1
[20:06:20]      + display dimensions: 960 x 540
[20:06:20]    + encoder: H.264 (libx264)
[20:06:20]      + preset:  fast
[20:06:20]      + profile: main
[20:06:20]      + level:   4.0
[20:06:20]      + quality: 22,00 (RF)
[20:06:20]      + color profile: 6-1-6
[20:06:20]  * audio track 1
[20:06:20]    + decoder: Unknown (AAC LC) (2.0 ch) (track 1, id 0x1)
[20:06:20]      + bitrate: 128 kbps, samplerate: 44100 Hz
[20:06:20]    + mixdown: Stereo
[20:06:20]    + dither: triangular
[20:06:20]    + encoder: AAC (libavcodec)
[20:06:20]      + bitrate: 160 kbps, samplerate: 44100 Hz
[20:06:20] decomb check thread started for segment 2
[20:06:20] mask erode thread started for segment 1
[20:06:20] decomb check thread started for segment 0
[20:06:20] sync: expecting 365 video frames
[20:06:20] encx264: min-keyint: 30, keyint: 300
[20:06:20] encx264: encoding at constant RF 22,000000
[20:06:20] encx264: unparsed options: level=4.0:ref=2:8x8dct=0:weightp=1:subme=6:vbv-bufsize=25000:vbv-maxrate=20000:rc-lookahead=30
x264 [info]: using SAR=1/1
x264 [info]: using cpu capabilities: MMX2 SSE2Fast SSSE3 SSE4.2 AVX FMA3 BMI2 AVX2
x264 [info]: profile Main, level 4.0
[20:06:21] sync: first pts video is 0
[20:06:21] sync: Chapter 1 at frame 1 time 0
[20:06:21] sync: first pts audio 0x1 is 0
[20:06:22] reader: done. 1 scr changes
[20:06:23] work: average encoding speed for job is 0,000000 fps
[20:06:23] comb detect: heavy 4 | light 6 | uncombed 347 | total 357
[20:06:23] decomb: deinterlaced 4 | blended 6 | unfiltered 347 | total 357
[20:06:23] vfr: 357 frames output, 0 dropped and 0 duped for CFR/PFR
[20:06:23] vfr: lost time: 0 (0 frames)
[20:06:23] vfr: gained time: 0 (0 frames) (0 not accounted for)
[20:06:23] aac-decoder done: 510 frames, 0 decoder errors
[20:06:23] h264-decoder done: 357 frames, 0 decoder errors
[20:06:23] sync: got 357 frames, 365 expected
[20:06:23] sync: framerate min 7,463 fps, max 30,303 fps, avg 29,775 fps
x264 [info]: frame I:5     Avg QP:15,25  size: 98092
x264 [info]: frame P:93    Avg QP:18,74  size:  1213
x264 [info]: frame B:259   Avg QP:22,80  size:   143
x264 [info]: consecutive B-frames:  2,0%  3,4%  1,7% 93,0%
x264 [info]: mb I  I16..4: 36,2%  0,0% 63,8%
x264 [info]: mb P  I16..4:  1,5%  0,0%  1,0%  P16..4:  1,8%  0,2%  0,1%  0,0%  0,0%    skip:95,3%
x264 [info]: mb B  I16..4:  0,2%  0,0%  0,1%  B16..8:  0,5%  0,1%  0,0%  direct: 0,2%  skip:99,0%  L0:30,0% L1:65,5% BI: 4,6%
x264 [info]: coded y,uvDC,uvAC intra: 57,2% 52,3% 43,3% inter: 0,3% 0,3% 0,0%
x264 [info]: i16 v,h,dc,p: 42% 44%  8%  6%
x264 [info]: i4 v,h,dc,ddl,ddr,vr,hd,vl,hu: 24% 25% 16%  6%  5%  6%  5%  6%  6%
x264 [info]: i8c dc,h,v,p: 49% 25% 22%  4%
x264 [info]: Weighted P-Frames: Y:0,0% UV:0,0%
x264 [info]: ref P L0: 72,3% 27,7%
x264 [info]: ref B L0: 86,9% 13,1%
x264 [info]: ref B L1: 96,5%  3,5%
x264 [info]: kb/s:424,06
[20:06:23] mux: track 0, 357 frames, 640236 bytes, 426,82 kbps, fifo 512
[20:06:23] mux: track 1, 511 frames, 3100 bytes, 2,07 kbps, fifo 512
[20:06:23] libhb: work result = 0
