Handbrake Version: 1.2.1 (2019021900)
[00:01:27] gtkgui: Preset: /General/Fast 1080p30
[00:01:27] 1 job(s) to process
[00:01:27] json job:
{
    "Audio": {
        "AudioList": [
            {
                "Bitrate": 160,
                "CompressionLevel": -1.0,
                "DRC": 0.0,
                "DitherMethod": "auto",
                "Encoder": "av_aac",
                "Gain": 0.0,
                "Mixdown": "stereo",
                "NormalizeMixLevel": false,
                "PresetEncoder": "av_aac",
                "Quality": -3.0,
                "Samplerate": 0,
                "Track": 0
            }
        ],
        "CopyMask": [
            "copy:aac"
        ],
        "FallbackEncoder": "av_aac"
    },
    "Destination": {
        "AlignAVStart": true,
        "ChapterList": [
            {
                "Name": ""
            }
        ],
        "ChapterMarkers": false,
        "File": "/home/barometer/Videos/relax.m4v",
        "InlineParameterSets": false,
        "Mp4Options": {
            "IpodAtom": false,
            "Mp4Optimize": false
        },
        "Mux": "m4v"
    },
    "Filters": {
        "FilterList": [
            {
                "ID": 3,
                "Settings": {
                    "block-height": "16",
                    "block-thresh": "40",
                    "block-width": "16",
                    "filter-mode": "2",
                    "mode": "3",
                    "motion-thresh": "1",
                    "spatial-metric": "2",
                    "spatial-thresh": "1"
                }
            },
            {
                "ID": 4,
                "Settings": {
                    "mode": "7"
                }
            },
            {
                "ID": 6,
                "Settings": {
                    "mode": 2,
                    "rate": "27000000/900000"
                }
            },
            {
                "ID": 11,
                "Settings": {
                    "crop-bottom": 8,
                    "crop-left": 0,
                    "crop-right": 0,
                    "crop-top": 0,
                    "height": 532,
                    "width": 960
                }
            }
        ]
    },
    "Metadata": {
        "Name": "2020-03-06 00-00-09"
    },
    "PAR": {
        "Den": 1,
        "Num": 1
    },
    "SequenceID": 0,
    "Source": {
        "Angle": 0,
        "Path": "/home/barometer/2020-03-06 00-00-09.flv",
        "Range": {
            "End": 1,
            "Start": 1,
            "Type": "chapter"
        },
        "Title": 1
    },
    "Subtitle": {
        "Search": {
            "Burn": true,
            "Default": false,
            "Enable": false,
            "Forced": false
        },
        "SubtitleList": []
    },
    "Video": {
        "ColorMatrix": 6,
        "ColorPrimaries": 6,
        "ColorTransfer": 1,
        "Encoder": "x264",
        "Level": "4.0",
        "Options": "",
        "Preset": "fast",
        "Profile": "main",
        "QSV": {
            "AsyncDepth": 4,
            "Decode": false
        },
        "Quality": 22.0,
        "Tune": "",
        "Turbo": false,
        "TwoPass": false
    }
}
[00:01:27] CPU: Intel(R) Core(TM) i7-6500U CPU @ 2.50GHz
[00:01:27]  - Intel microarchitecture Skylake
[00:01:27]  - logical processor count: 4
[00:01:27] hb_scan: path=/home/barometer/2020-03-06 00-00-09.flv, title_index=1
udfread ERROR: ECMA 167 Volume Recognition failed
disc.c:323: failed opening UDF image /home/barometer/2020-03-06 00-00-09.flv
disc.c:424: error opening file BDMV/index.bdmv
disc.c:424: error opening file BDMV/BACKUP/index.bdmv
[00:01:27] bd: not a bd - trying as a stream/file instead
libdvdnav: Using dvdnav version 6.0.0
libdvdread: Encrypted DVD support unavailable.
libdvdread:DVDOpenFileUDF:UDFFindFile /VIDEO_TS/VIDEO_TS.IFO failed
libdvdread:DVDOpenFileUDF:UDFFindFile /VIDEO_TS/VIDEO_TS.BUP failed
libdvdread: Can't open file VIDEO_TS.IFO.
libdvdnav: vm: failed to read VIDEO_TS.IFO
[00:01:27] dvd: not a dvd - trying as a stream/file instead
Input #0, flv, from '/home/barometer/2020-03-06 00-00-09.flv':
  Metadata:
    encoder         : Lavf57.83.100
  Duration: 00:00:13.70, start: 0.067000, bitrate: 2102 kb/s
    Stream #0:0: Video: h264 (High), yuv420p(progressive), 960x540, 2500 kb/s, 30,30 fps, 30 tbr, 1k tbn, 60 tbc
    Stream #0:1: Audio: aac (LC), 44100 Hz, stereo, fltp, 128 kb/s
[00:01:27] scan: decoding previews for title 1
[00:01:27] scan: audio 0x1: aac, rate=44100Hz, bitrate=128000 Unknown (AAC LC) (2.0 ch)
[00:01:27] scan: 10 previews, 960x540, 30,303 fps, autocrop = 0/8/0/0, aspect 16:9, PAR 1:1
[00:01:27] libhb: scan thread found 1 valid title(s)
[00:01:27] starting job
[00:01:27] decomb filter thread started for segment 0
[00:01:27] decomb filter thread started for segment 1
[00:01:27] decomb filter thread started for segment 3
[00:01:27] decomb filter thread started for segment 2
[00:01:27] decomb check thread started for segment 1
[00:01:27] decomb check thread started for segment 0
[00:01:27] decomb check thread started for segment 2
[00:01:27] mask filter thread started for segment 1
[00:01:27] decomb check thread started for segment 3
[00:01:27] mask filter thread started for segment 2
[00:01:27] mask erode thread started for segment 0
[00:01:27] mask filter thread started for segment 0
[00:01:27] mask filter thread started for segment 3
[00:01:27] mask erode thread started for segment 1
[00:01:27] mask erode thread started for segment 3
[00:01:27] mask dilate thread started for segment 1
[00:01:27] mask dilate thread started for segment 2
[00:01:27] mask erode thread started for segment 2
[00:01:27] mask dilate thread started for segment 3
[00:01:27] yadif thread started for segment 0
[00:01:27] job configuration:
[00:01:27]  * source
[00:01:27]    + /home/barometer/2020-03-06 00-00-09.flv
[00:01:27] yadif thread started for segment 1
[00:01:27]    + title 1, chapter(s) 1 to 1
[00:01:27] mask dilate thread started for segment 0
[00:01:27] yadif thread started for segment 2
[00:01:27]    + container: flv
[00:01:27] yadif thread started for segment 3
[00:01:27]    + data rate: 2102 kbps
[00:01:27]  * destination
[00:01:27]    + /home/barometer/Videos/relax.m4v
[00:01:27]    + container: MPEG-4 (libavformat)
[00:01:27]      + align initial A/V stream timestamps
[00:01:27]  * video track
[00:01:27]    + decoder: h264
[00:01:27]      + bitrate 2500 kbps
[00:01:27]    + filters
[00:01:27]      + Comb Detect (mode=3:spatial-metric=2:motion-thresh=1:spatial-thresh=1:filter-mode=2:block-thresh=40:block-width=16:block-height=16)
[00:01:27]      + Decomb (mode=39)
[00:01:27]      + Framerate Shaper (mode=2:rate=27000000/900000)
[00:01:27]        + frame rate: 30,303 fps -> peak rate limited to 30,000 fps
[00:01:27]      + Crop and Scale (width=960:height=532:crop-top=0:crop-bottom=8:crop-left=0:crop-right=0)
[00:01:27]        + source: 960 * 540, crop (0/8/0/0): 960 * 532, scale: 960 * 532
[00:01:27]    + Output geometry
[00:01:27]      + storage dimensions: 960 x 532
[00:01:27]      + pixel aspect ratio: 1 : 1
[00:01:27]      + display dimensions: 960 x 532
[00:01:27]    + encoder: H.264 (libx264)
[00:01:27]      + preset:  fast
[00:01:27]      + profile: main
[00:01:27]      + level:   4.0
[00:01:27]      + quality: 22,00 (RF)
[00:01:27]      + color profile: 6-1-6
[00:01:27]  * audio track 1
[00:01:27]    + decoder: Unknown (AAC LC) (2.0 ch) (track 1, id 0x1)
[00:01:27]      + bitrate: 128 kbps, samplerate: 44100 Hz
[00:01:27]    + mixdown: Stereo
[00:01:27]    + dither: triangular
[00:01:27]    + encoder: AAC (libavcodec)
[00:01:27]      + bitrate: 160 kbps, samplerate: 44100 Hz
[00:01:27] sync: expecting 415 video frames
[00:01:27] encx264: min-keyint: 30, keyint: 300
[00:01:27] encx264: encoding at constant RF 22,000000
[00:01:27] encx264: unparsed options: level=4.0:ref=2:8x8dct=0:weightp=1:subme=6:vbv-bufsize=25000:vbv-maxrate=20000:rc-lookahead=30
x264 [info]: using SAR=1/1
x264 [info]: using cpu capabilities: MMX2 SSE2Fast SSSE3 SSE4.2 AVX FMA3 BMI2 AVX2
x264 [info]: profile Main, level 4.0
[00:01:27] sync: first pts video is 0
[00:01:27] sync: Chapter 1 at frame 1 time 0
[00:01:27] sync: first pts audio 0x1 is 0
[00:01:31] reader: done. 1 scr changes
[00:01:32] work: average encoding speed for job is 85,101364 fps
[00:01:32] comb detect: heavy 3 | light 73 | uncombed 331 | total 407
[00:01:32] decomb: deinterlaced 3 | blended 73 | unfiltered 331 | total 407
[00:01:32] vfr: 407 frames output, 0 dropped and 0 duped for CFR/PFR
[00:01:32] vfr: lost time: 0 (0 frames)
[00:01:32] vfr: gained time: 0 (0 frames) (0 not accounted for)
[00:01:32] aac-decoder done: 582 frames, 0 decoder errors
[00:01:32] h264-decoder done: 407 frames, 0 decoder errors
[00:01:32] sync: got 407 frames, 415 expected
[00:01:32] sync: framerate min 14,925 fps, max 30,303 fps, avg 29,876 fps
x264 [info]: frame I:4     Avg QP:19,18  size: 48423
x264 [info]: frame P:231   Avg QP:23,09  size:  9405
x264 [info]: frame B:172   Avg QP:27,33  size:  3084
x264 [info]: consecutive B-frames: 32,9% 29,5%  8,1% 29,5%
x264 [info]: mb I  I16..4: 42,1%  0,0% 57,9%
x264 [info]: mb P  I16..4:  2,5%  0,0%  3,3%  P16..4: 18,4%  7,7%  5,6%  0,0%  0,0%    skip:62,4%
x264 [info]: mb B  I16..4:  1,7%  0,0%  0,7%  B16..8:  9,7%  5,8%  1,1%  direct: 3,5%  skip:77,5%  L0:46,1% L1:48,6% BI: 5,3%
x264 [info]: coded y,uvDC,uvAC intra: 44,7% 47,0% 22,7% inter: 8,3% 6,0% 0,4%
x264 [info]: i16 v,h,dc,p: 22% 67%  9%  2%
x264 [info]: i4 v,h,dc,ddl,ddr,vr,hd,vl,hu: 26% 38% 22%  2%  2%  3%  2%  3%  2%
x264 [info]: i8c dc,h,v,p: 44% 40% 15%  1%
x264 [info]: Weighted P-Frames: Y:0,0% UV:0,0%
x264 [info]: ref P L0: 76,7% 23,3%
x264 [info]: ref B L0: 81,2% 18,8%
x264 [info]: ref B L1: 98,2%  1,8%
x264 [info]: kb/s:1696,84
[00:01:32] mux: track 0, 407 frames, 2896589 bytes, 1699,71 kbps, fifo 512
[00:01:32] mux: track 1, 583 frames, 3549 bytes, 2,08 kbps, fifo 1024
[00:01:32] libhb: work result = 0
