Handbrake Version: 1.2.1 (2019021900)
[19:45:53] gtkgui: Preset: /General/Fast 1080p30
[19:45:53] 1 job(s) to process
[19:45:53] json job:
{
    "Audio": {
        "AudioList": [
            {
                "Bitrate": 160,
                "CompressionLevel": -1.0,
                "DRC": 0.0,
                "DitherMethod": "auto",
                "Encoder": "av_aac",
                "Gain": 0.0,
                "Mixdown": "stereo",
                "NormalizeMixLevel": false,
                "PresetEncoder": "av_aac",
                "Quality": -3.0,
                "Samplerate": 0,
                "Track": 0
            }
        ],
        "CopyMask": [
            "copy:aac"
        ],
        "FallbackEncoder": "av_aac"
    },
    "Destination": {
        "AlignAVStart": true,
        "ChapterList": [
            {
                "Name": ""
            }
        ],
        "ChapterMarkers": false,
        "File": "/home/barometer/Videos/windowsknockoff.m4v",
        "InlineParameterSets": false,
        "Mp4Options": {
            "IpodAtom": false,
            "Mp4Optimize": false
        },
        "Mux": "m4v"
    },
    "Filters": {
        "FilterList": [
            {
                "ID": 3,
                "Settings": {
                    "block-height": "16",
                    "block-thresh": "40",
                    "block-width": "16",
                    "filter-mode": "2",
                    "mode": "3",
                    "motion-thresh": "1",
                    "spatial-metric": "2",
                    "spatial-thresh": "1"
                }
            },
            {
                "ID": 4,
                "Settings": {
                    "mode": "7"
                }
            },
            {
                "ID": 6,
                "Settings": {
                    "mode": 2,
                    "rate": "27000000/900000"
                }
            },
            {
                "ID": 11,
                "Settings": {
                    "crop-bottom": 0,
                    "crop-left": 0,
                    "crop-right": 0,
                    "crop-top": 0,
                    "height": 540,
                    "width": 960
                }
            }
        ]
    },
    "Metadata": {
        "Name": "windowsknockoff"
    },
    "PAR": {
        "Den": 1,
        "Num": 1
    },
    "SequenceID": 0,
    "Source": {
        "Angle": 0,
        "Path": "/home/barometer/Videos/windowsknockoff.flv",
        "Range": {
            "End": 1,
            "Start": 1,
            "Type": "chapter"
        },
        "Title": 1
    },
    "Subtitle": {
        "Search": {
            "Burn": true,
            "Default": false,
            "Enable": false,
            "Forced": false
        },
        "SubtitleList": []
    },
    "Video": {
        "ColorMatrix": 6,
        "ColorPrimaries": 6,
        "ColorTransfer": 1,
        "Encoder": "x264",
        "Level": "4.0",
        "Options": "",
        "Preset": "fast",
        "Profile": "main",
        "QSV": {
            "AsyncDepth": 4,
            "Decode": false
        },
        "Quality": 22.0,
        "Tune": "",
        "Turbo": false,
        "TwoPass": false
    }
}
[19:45:53] CPU: Intel(R) Core(TM) i7-6500U CPU @ 2.50GHz
[19:45:53]  - Intel microarchitecture Skylake
[19:45:53]  - logical processor count: 4
[19:45:53] hb_scan: path=/home/barometer/Videos/windowsknockoff.flv, title_index=1
udfread ERROR: ECMA 167 Volume Recognition failed
disc.c:323: failed opening UDF image /home/barometer/Videos/windowsknockoff.flv
disc.c:424: error opening file BDMV/index.bdmv
disc.c:424: error opening file BDMV/BACKUP/index.bdmv
[19:45:53] bd: not a bd - trying as a stream/file instead
libdvdnav: Using dvdnav version 6.0.0
libdvdread: Encrypted DVD support unavailable.
libdvdread:DVDOpenFileUDF:UDFFindFile /VIDEO_TS/VIDEO_TS.IFO failed
libdvdread:DVDOpenFileUDF:UDFFindFile /VIDEO_TS/VIDEO_TS.BUP failed
libdvdread: Can't open file VIDEO_TS.IFO.
libdvdnav: vm: failed to read VIDEO_TS.IFO
[19:45:53] dvd: not a dvd - trying as a stream/file instead
Input #0, flv, from '/home/barometer/Videos/windowsknockoff.flv':
  Metadata:
    encoder         : Lavf57.83.100
  Duration: 00:00:10.03, start: 0.067000, bitrate: 232 kb/s
    Stream #0:0: Video: h264 (High), yuv420p(progressive), 960x540, 2500 kb/s, 30,30 fps, 30 tbr, 1k tbn, 60 tbc
    Stream #0:1: Audio: aac (LC), 44100 Hz, stereo, fltp, 128 kb/s
[19:45:53] scan: decoding previews for title 1
[19:45:53] scan: audio 0x1: aac, rate=44100Hz, bitrate=128000 Unknown (AAC LC) (2.0 ch)
[19:45:53] scan: 10 previews, 960x540, 30,303 fps, autocrop = 0/0/0/0, aspect 16:9, PAR 1:1
[19:45:53] libhb: scan thread found 1 valid title(s)
[19:45:53] starting job
[19:45:53] decomb filter thread started for segment 0
[19:45:53] decomb filter thread started for segment 1
[19:45:53] decomb filter thread started for segment 2
[19:45:53] decomb check thread started for segment 1
[19:45:53] decomb check thread started for segment 2
[19:45:53] decomb check thread started for segment 3
[19:45:53] decomb check thread started for segment 0
[19:45:53] mask filter thread started for segment 0
[19:45:53] mask filter thread started for segment 2
[19:45:53] mask filter thread started for segment 3
[19:45:53] mask erode thread started for segment 0
[19:45:53] mask erode thread started for segment 2
[19:45:53] mask erode thread started for segment 3
[19:45:53] mask erode thread started for segment 1
[19:45:53] decomb filter thread started for segment 3
[19:45:53] mask dilate thread started for segment 1
[19:45:53] mask dilate thread started for segment 3
[19:45:53] mask dilate thread started for segment 2
[19:45:53] mask dilate thread started for segment 0
[19:45:53] yadif thread started for segment 2
[19:45:53] job configuration:
[19:45:53]  * source
[19:45:53]    + /home/barometer/Videos/windowsknockoff.flv
[19:45:53]    + title 1, chapter(s) 1 to 1
[19:45:53]    + container: flv
[19:45:53]    + data rate: 232 kbps
[19:45:53]  * destination
[19:45:53]    + /home/barometer/Videos/windowsknockoff.m4v
[19:45:53]    + container: MPEG-4 (libavformat)
[19:45:53]      + align initial A/V stream timestamps
[19:45:53]  * video track
[19:45:53]    + decoder: h264
[19:45:53]      + bitrate 2500 kbps
[19:45:53]    + filters
[19:45:53]      + Comb Detect (mode=3:spatial-metric=2:motion-thresh=1:spatial-thresh=1:filter-mode=2:block-thresh=40:block-width=16:block-height=16)
[19:45:53]      + Decomb (mode=39)
[19:45:53]      + Framerate Shaper (mode=2:rate=27000000/900000)
[19:45:53]        + frame rate: 30,303 fps -> peak rate limited to 30,000 fps
[19:45:53]      + Crop and Scale (width=960:height=540:crop-top=0:crop-bottom=0:crop-left=0:crop-right=0)
[19:45:53]        + source: 960 * 540, crop (0/0/0/0): 960 * 540, scale: 960 * 540
[19:45:53]    + Output geometry
[19:45:53]      + storage dimensions: 960 x 540
[19:45:53]      + pixel aspect ratio: 1 : 1
[19:45:53]      + display dimensions: 960 x 540
[19:45:53]    + encoder: H.264 (libx264)
[19:45:53]      + preset:  fast
[19:45:53]      + profile: main
[19:45:53]      + level:   4.0
[19:45:53]      + quality: 22,00 (RF)
[19:45:53]      + color profile: 6-1-6
[19:45:53]  * audio track 1
[19:45:53]    + decoder: Unknown (AAC LC) (2.0 ch) (track 1, id 0x1)
[19:45:53]      + bitrate: 128 kbps, samplerate: 44100 Hz
[19:45:53]    + mixdown: Stereo
[19:45:53]    + dither: triangular
[19:45:53]    + encoder: AAC (libavcodec)
[19:45:53]      + bitrate: 160 kbps, samplerate: 44100 Hz
[19:45:53] mask filter thread started for segment 1
[19:45:53] yadif thread started for segment 0
[19:45:53] yadif thread started for segment 1
[19:45:53] yadif thread started for segment 3
[19:45:53] sync: expecting 304 video frames
[19:45:53] encx264: min-keyint: 30, keyint: 300
[19:45:53] encx264: encoding at constant RF 22,000000
[19:45:53] encx264: unparsed options: level=4.0:ref=2:8x8dct=0:weightp=1:subme=6:vbv-bufsize=25000:vbv-maxrate=20000:rc-lookahead=30
x264 [info]: using SAR=1/1
x264 [info]: using cpu capabilities: MMX2 SSE2Fast SSSE3 SSE4.2 AVX FMA3 BMI2 AVX2
x264 [info]: profile Main, level 4.0
[19:45:53] sync: first pts video is 0
[19:45:53] sync: Chapter 1 at frame 1 time 0
[19:45:53] sync: first pts audio 0x1 is 0
[19:45:54] reader: done. 1 scr changes
[19:45:55] work: average encoding speed for job is 0,000000 fps
[19:45:55] comb detect: heavy 1 | light 0 | uncombed 298 | total 299
[19:45:55] decomb: deinterlaced 1 | blended 0 | unfiltered 298 | total 299
[19:45:55] vfr: 299 frames output, 0 dropped and 0 duped for CFR/PFR
[19:45:55] vfr: lost time: 0 (0 frames)
[19:45:55] vfr: gained time: 0 (0 frames) (0 not accounted for)
[19:45:55] aac-decoder done: 427 frames, 0 decoder errors
[19:45:55] h264-decoder done: 299 frames, 0 decoder errors
[19:45:55] sync: got 299 frames, 304 expected
[19:45:55] sync: framerate min 29,412 fps, max 30,303 fps, avg 30,032 fps
x264 [info]: frame I:3     Avg QP:16,24  size: 68365
x264 [info]: frame P:75    Avg QP:21,08  size:   757
x264 [info]: frame B:221   Avg QP:30,80  size:    55
x264 [info]: consecutive B-frames:  1,0%  1,3%  0,0% 97,7%
x264 [info]: mb I  I16..4: 35,1%  0,0% 64,9%
x264 [info]: mb P  I16..4:  0,4%  0,0%  0,3%  P16..4:  1,1%  0,0%  0,0%  0,0%  0,0%    skip:98,2%
x264 [info]: mb B  I16..4:  0,0%  0,0%  0,0%  B16..8:  0,2%  0,0%  0,0%  direct: 0,0%  skip:99,7%  L0:29,8% L1:69,9% BI: 0,3%
x264 [info]: coded y,uvDC,uvAC intra: 57,1% 46,5% 31,2% inter: 0,1% 0,1% 0,0%
x264 [info]: i16 v,h,dc,p: 54% 39%  5%  2%
x264 [info]: i4 v,h,dc,ddl,ddr,vr,hd,vl,hu: 30% 35% 12%  3%  3%  5%  5%  2%  6%
x264 [info]: i8c dc,h,v,p: 56% 29% 15%  1%
x264 [info]: Weighted P-Frames: Y:0,0% UV:0,0%
x264 [info]: ref P L0: 81,8% 18,2%
x264 [info]: ref B L0: 86,4% 13,6%
x264 [info]: ref B L1: 86,6% 13,4%
x264 [info]: kb/s:219,95
[19:45:55] mux: track 0, 299 frames, 273903 bytes, 219,12 kbps, fifo 512
[19:45:55] mux: track 1, 428 frames, 2602 bytes, 2,08 kbps, fifo 512
[19:45:55] libhb: work result = 0
